00:00:00.170665 VirtualBox GUI VM Selector Window 7.2.6 r172322 linux.amd64 (Mar 23 2026 21:40:55) release log
00:00:00.170667 Log opened 2026-04-13T11:23:30.109555000Z
00:00:00.170667 Build Type: release
00:00:00.170669 OS Product: Linux
00:00:00.170670 OS Release: 6.19.11-arch1-1
00:00:00.170670 OS Version: #1 SMP PREEMPT_DYNAMIC Thu, 02 Apr 2026 23:33:01 +0000
00:00:00.170700 DMI Product Name: 83DD
00:00:00.170708 DMI Product Version: XiaoXin 16 AHP9
00:00:00.170714 Firmware type: UEFI
00:00:00.170890 Secure Boot: Disabled
00:00:00.170929 Host RAM: 27860MB (27.2GB) total, 26740MB (26.1GB) available
00:00:00.170931 Executable: /usr/lib/virtualbox/VirtualBox
00:00:00.170931 Process ID: 2819
00:00:00.170931 Package type: LINUX_64BITS_GENERIC (OSE)
00:00:00.170945 Qt version: 6.11.0
00:00:00.171274 GUI: UIMediumEnumerator: Initial medium-enumeration finished!
00:00:00.179946 GUI: UIMediumEnumerator: Medium-enumeration started...
00:00:00.487609 GUI: UIDesktopWidgetWatchdog::sltHandleHostScreenAvailableGeometryCalculated: Screen 0 work area is actually resized to: 21x81 x 1878x1098
00:00:00.492270 GUI: UIMediumEnumerator: Medium-enumeration finished!
00:00:13.840289 GUI: UIMediumEnumerator: Medium-enumeration finished!
00:08:35.335845 GUI: UIDesktopWidgetWatchdog::sltHandleHostScreenWorkAreaResized: Screen 0 work area is formally resized to: 0x60 x 1920x1140
00:08:35.367282 GUI: UIDesktopWidgetWatchdog::sltHandleHostScreenAvailableGeometryCalculated: Screen 0 work area is actually resized to: 21x81 x 928x538
00:12:42.728612 GUI: UIMediumEnumerator: Medium-enumeration finished!
00:14:12.397825 GUI: UIMediumEnumerator: Medium-enumeration finished!
00:41:50.623846 GUI: UICommon: Handling aboutToQuit request..
00:41:51.152220 GUI: UICommon: aboutToQuit request handled!
