00:00:00.000226 main     VirtualBox XPCOM Server 7.2.6 r172322 linux.amd64 (Mar 23 2026 21:40:55) release log
00:00:00.000228 main     Log opened 2026-04-13T11:23:30.002022000Z
00:00:00.000229 main     Build Type: release
00:00:00.000230 main     OS Product: Linux
00:00:00.000231 main     OS Release: 6.19.11-arch1-1
00:00:00.000231 main     OS Version: #1 SMP PREEMPT_DYNAMIC Thu, 02 Apr 2026 23:33:01 +0000
00:00:00.000281 main     DMI Product Name: 83DD
00:00:00.000288 main     DMI Product Version: XiaoXin 16 AHP9
00:00:00.000293 main     Firmware type: UEFI
00:00:00.000397 main     Secure Boot: Disabled
00:00:00.000420 main     Host RAM: 27860MB (27.2GB) total, 26739MB (26.1GB) available
00:00:00.000421 main     Executable: /usr/lib/virtualbox/VBoxSVC
00:00:00.000421 main     Process ID: 2851
00:00:00.000421 main     Package type: LINUX_64BITS_GENERIC (OSE)
00:00:00.004937 main     IPC socket path: /tmp/.vbox-chief-ipc/ipcd
00:00:00.012606 DCon01   VirtualBox: object creation starts
00:00:00.012725 DCon01   Home directory: '/home/chief/.config/VirtualBox'
00:00:00.012896 DCon01   Loading settings file "/home/chief/.config/VirtualBox/VirtualBox.xml" with version "1.12-linux"
00:00:00.014090 DCon01   Successfully initialised host USB using sysfs
00:00:00.016343 DCon01   Failed to retrive disk info: getDiskName(/dev/mapper/root) --> root
00:00:00.024786 DCon01   NetIfAdpCtlOut: VBoxNetAdpCtl: Error while retrieving link speed for wlan0: VBoxNetAdpCtl: ioctl failed: Operation not supported
00:00:00.025490 DCon01   HostDnsMonitor: initializing
00:00:00.025624 DCon01   NAT: resolv.conf: nameserver 127.0.0.53
00:00:00.025633 DCon01   NAT: resolv.conf: ignoring "options edns0 trust-ad"
00:00:00.025650 DCon01   HostDnsMonitor: updating information
00:00:00.025659 DCon01   HostDnsMonitor: old information
00:00:00.025665 DCon01     no server entries
00:00:00.025671 DCon01     no domain set
00:00:00.025676 DCon01     no search string entries
00:00:00.025681 DCon01   HostDnsMonitor: new information
00:00:00.025687 DCon01     server 1: 127.0.0.53
00:00:00.025692 DCon01     domain: .
00:00:00.025698 DCon01     search string 1: .
00:00:00.027115 DCon01   VD: VDInit finished with VINF_SUCCESS
00:00:00.027175 DCon01   ERROR [COM]: aRC=NS_ERROR_FAILURE (0x80004005) aIID={925084b0-625f-422f-a67d-0ede1880a56c} aComponent={SystemPropertiesWrap} aText={Cannot determine default Guest Additions ISO location. Most likely they are not available}, preserve=false aResultDetail=0
00:00:00.027635 DCon01   Platform architecture set to 'x86'
00:00:00.028071 DCon01   Loading settings file "/home/chief/VirtualBox VMs/Whonix-Gateway-LXQt/Whonix-Gateway-LXQt.vbox" with version "1.19-linux"
00:00:00.028153 DCon01   Platform architecture set to 'x86'
00:00:00.028228 DCon01   Platform architecture set to 'x86'
00:00:00.028358 DCon01   Loading settings file "/home/chief/VirtualBox VMs/Whonix-Workstation-LXQt/Whonix-Workstation-LXQt.vbox" with version "1.19-linux"
00:00:00.028404 DCon01   Platform architecture set to 'x86'
00:00:00.028637 DCon01   VirtualBox: object created
00:00:00.105064 DCon02   Saving settings file "/home/chief/.config/VirtualBox/VirtualBox.xml" with version "1.12-linux"
00:00:00.106937 DCon02   Finished saving settings file "/home/chief/.config/VirtualBox/VirtualBox.xml"
00:00:00.447528 DCon03   ERROR [COM]: aRC=VBOX_E_OBJECT_NOT_FOUND (0x80bb0001) aIID={5bfd8965-b81b-469f-8649-f717ce97a5d5} aComponent={NvramStoreWrap} aText={The UEFI NVRAM file is not existing for this machine}, preserve=false aResultDetail=0
00:00:00.747093 DCon03   Saving settings file "/home/chief/.config/VirtualBox/VirtualBox.xml" with version "1.12-linux"
00:00:00.757764 DCon03   Finished saving settings file "/home/chief/.config/VirtualBox/VirtualBox.xml"
00:00:12.891003 DCon03   Launched VM: 71403232 pid: 3177 (0xc69) frontend: GUI/Qt name: Whonix-Gateway-LXQt
00:00:12.912657 DCon05   ERROR [COM]: aRC=VBOX_E_OBJECT_NOT_FOUND (0x80bb0001) aIID={5bfd8965-b81b-469f-8649-f717ce97a5d5} aComponent={NvramStoreWrap} aText={The UEFI NVRAM file is not existing for this machine}, preserve=false aResultDetail=0
00:00:13.034650 DCon31   Platform architecture set to 'x86'
00:00:13.058849 DCon31   ERROR [COM]: aRC=VBOX_E_OBJECT_NOT_FOUND (0x80bb0001) aIID={5bfd8965-b81b-469f-8649-f717ce97a5d5} aComponent={NvramStoreWrap} aText={The UEFI NVRAM file is not existing for this machine}, preserve=false aResultDetail=0
00:00:13.245850 DCon31   Saving settings file "/home/chief/.config/VirtualBox/VirtualBox.xml" with version "1.12-linux"
00:00:13.256049 DCon31   Finished saving settings file "/home/chief/.config/VirtualBox/VirtualBox.xml"
00:00:13.376121 DCon04   ERROR [COM]: aRC=NS_ERROR_FAILURE (0x80004005) aIID={83cfdc66-4f20-4569-ad39-8722f7d472b3} aComponent={RecordingSettingsWrap} aText={Recording not started}, preserve=false aResultDetail=0
00:00:13.401536 DCon04   NetIfAdpCtlOut: VBoxNetAdpCtl: Error while retrieving link speed for wlan0: VBoxNetAdpCtl: ioctl failed: Operation not supported
00:00:13.435416 DCon26   ERROR [COM]: aRC=VBOX_E_OBJECT_NOT_FOUND (0x80bb0001) aIID={5bfd8965-b81b-469f-8649-f717ce97a5d5} aComponent={NvramStoreWrap} aText={The UEFI NVRAM file is not existing for this machine}, preserve=false aResultDetail=0
00:00:13.459116 DCon26   ERROR [COM]: aRC=NS_ERROR_FAILURE (0x80004005) aIID={83cfdc66-4f20-4569-ad39-8722f7d472b3} aComponent={RecordingSettingsWrap} aText={Recording not started}, preserve=false aResultDetail=0
00:00:13.528681 DCon26   ERROR [COM]: aRC=VBOX_E_OBJECT_NOT_FOUND (0x80bb0001) aIID={7d510820-a678-4730-a862-818dcd3fbed0} aComponent={MediumWrap} aText={Property 'CRYPT/KeyId' does not exist}, preserve=false aResultDetail=0
00:00:13.529623 DCon26   HostDnsMonitorProxy::GetDomainName: .
00:00:13.529684 DCon26   HostDnsMonitorProxy::GetNameServers:
00:00:13.529687 DCon26     name server 1: 127.0.0.53
00:00:13.529745 DCon26   HostDnsMonitorProxy::GetSearchStrings:
00:00:13.529748 DCon26     search string 1: .
00:00:13.537164 DCon26   ERROR [COM]: aRC=NS_ERROR_FAILURE (0x80004005) aIID={83cfdc66-4f20-4569-ad39-8722f7d472b3} aComponent={RecordingSettingsWrap} aText={Recording not started}, preserve=false aResultDetail=0
00:00:13.554753 DCon26   ERROR [COM]: aRC=VBOX_E_OBJECT_NOT_FOUND (0x80bb0001) aIID={5bfd8965-b81b-469f-8649-f717ce97a5d5} aComponent={NvramStoreWrap} aText={The UEFI NVRAM file is not existing for this machine}, preserve=false aResultDetail=0
00:00:13.764124 DCon26   Saving settings file "/home/chief/VirtualBox VMs/Whonix-Gateway-LXQt/Whonix-Gateway-LXQt.vbox" with version "1.19-linux"
00:00:13.774687 DCon26   Finished saving settings file "/home/chief/VirtualBox VMs/Whonix-Gateway-LXQt/Whonix-Gateway-LXQt.vbox"
00:00:13.778993 DCon26   ERROR [COM]: aRC=VBOX_E_OBJECT_NOT_FOUND (0x80bb0001) aIID={5bfd8965-b81b-469f-8649-f717ce97a5d5} aComponent={NvramStoreWrap} aText={The UEFI NVRAM file is not existing for this machine}, preserve=false aResultDetail=0
00:06:29.205804 MainPower Host suspending: Paused 1 VMs
00:06:29.211492 DCon51   ERROR [COM]: aRC=NS_ERROR_FAILURE (0x80004005) aIID={83cfdc66-4f20-4569-ad39-8722f7d472b3} aComponent={RecordingSettingsWrap} aText={Recording not started}, preserve=false aResultDetail=0
00:06:29.217910 DCon51   ERROR [COM]: aRC=VBOX_E_OBJECT_NOT_FOUND (0x80bb0001) aIID={5bfd8965-b81b-469f-8649-f717ce97a5d5} aComponent={NvramStoreWrap} aText={The UEFI NVRAM file is not existing for this machine}, preserve=false aResultDetail=0
00:06:30.939874 MainPower Host resumed: Resumed 1 VMs
00:06:30.948058 DCon52   ERROR [COM]: aRC=NS_ERROR_FAILURE (0x80004005) aIID={83cfdc66-4f20-4569-ad39-8722f7d472b3} aComponent={RecordingSettingsWrap} aText={Recording not started}, preserve=false aResultDetail=0
00:06:30.961068 DCon48   ERROR [COM]: aRC=VBOX_E_OBJECT_NOT_FOUND (0x80bb0001) aIID={5bfd8965-b81b-469f-8649-f717ce97a5d5} aComponent={NvramStoreWrap} aText={The UEFI NVRAM file is not existing for this machine}, preserve=false aResultDetail=0
00:12:37.932385 DCon55   ERROR [COM]: aRC=NS_ERROR_FAILURE (0x80004005) aIID={83cfdc66-4f20-4569-ad39-8722f7d472b3} aComponent={RecordingSettingsWrap} aText={Recording not started}, preserve=false aResultDetail=0
00:12:37.940500 DCon55   ERROR [COM]: aRC=VBOX_E_OBJECT_NOT_FOUND (0x80bb0001) aIID={5bfd8965-b81b-469f-8649-f717ce97a5d5} aComponent={NvramStoreWrap} aText={The UEFI NVRAM file is not existing for this machine}, preserve=false aResultDetail=0
00:12:37.965552 DCon55   Saving settings file "/home/chief/VirtualBox VMs/Whonix-Gateway-LXQt/Whonix-Gateway-LXQt.vbox" with version "1.19-linux"
00:12:37.967979 DCon55   Finished saving settings file "/home/chief/VirtualBox VMs/Whonix-Gateway-LXQt/Whonix-Gateway-LXQt.vbox"
00:12:37.973610 DCon66   ERROR [COM]: aRC=NS_ERROR_FAILURE (0x80004005) aIID={83cfdc66-4f20-4569-ad39-8722f7d472b3} aComponent={RecordingSettingsWrap} aText={Recording not started}, preserve=false aResultDetail=0
00:12:37.974492 DCon55   ERROR [COM]: aRC=NS_ERROR_INVALID_ARG (0x80070057) aIID={e36a5081-a82a-40bd-9e4e-42a44d6ce50f} aComponent={SessionMachine} aText={Properties with TRANSIENT or TRANSRESET flag cannot be set or modified if VM is not running}, preserve=false aResultDetail=0
00:12:37.980469 DCon55   ERROR [COM]: aRC=VBOX_E_OBJECT_NOT_FOUND (0x80bb0001) aIID={5bfd8965-b81b-469f-8649-f717ce97a5d5} aComponent={NvramStoreWrap} aText={The UEFI NVRAM file is not existing for this machine}, preserve=false aResultDetail=0
00:12:38.278637 DCon68   Saving settings file "/home/chief/.config/VirtualBox/VirtualBox.xml" with version "1.12-linux"
00:12:38.289537 DCon68   Finished saving settings file "/home/chief/.config/VirtualBox/VirtualBox.xml"
00:12:38.989033 DCon56   ERROR [COM]: aRC=VBOX_E_OBJECT_NOT_FOUND (0x80bb0001) aIID={5bfd8965-b81b-469f-8649-f717ce97a5d5} aComponent={NvramStoreWrap} aText={The UEFI NVRAM file is not existing for this machine}, preserve=false aResultDetail=0
00:12:40.116081 DCon66   Saving settings file "/home/chief/.config/VirtualBox/VirtualBox.xml" with version "1.12-linux"
00:12:40.126821 DCon66   Finished saving settings file "/home/chief/.config/VirtualBox/VirtualBox.xml"
00:12:40.131468 DCon68   ERROR [COM]: aRC=VBOX_E_OBJECT_NOT_FOUND (0x80bb0001) aIID={5bfd8965-b81b-469f-8649-f717ce97a5d5} aComponent={NvramStoreWrap} aText={The UEFI NVRAM file is not existing for this machine}, preserve=false aResultDetail=0
00:12:41.799894 DCon55   Launched VM: 3422588976 pid: 27004 (0x697c) frontend: GUI/Qt name: Whonix-Workstation-LXQt
00:12:41.818621 DCon56   ERROR [COM]: aRC=VBOX_E_OBJECT_NOT_FOUND (0x80bb0001) aIID={5bfd8965-b81b-469f-8649-f717ce97a5d5} aComponent={NvramStoreWrap} aText={The UEFI NVRAM file is not existing for this machine}, preserve=false aResultDetail=0
00:12:41.930609 DCon48   Platform architecture set to 'x86'
00:12:41.938803 DCon70   ERROR [COM]: aRC=VBOX_E_OBJECT_NOT_FOUND (0x80bb0001) aIID={5bfd8965-b81b-469f-8649-f717ce97a5d5} aComponent={NvramStoreWrap} aText={The UEFI NVRAM file is not existing for this machine}, preserve=false aResultDetail=0
00:12:42.145567 DCon66   Saving settings file "/home/chief/.config/VirtualBox/VirtualBox.xml" with version "1.12-linux"
00:12:42.156104 DCon66   Finished saving settings file "/home/chief/.config/VirtualBox/VirtualBox.xml"
00:12:42.257334 DCon60   ERROR [COM]: aRC=NS_ERROR_FAILURE (0x80004005) aIID={83cfdc66-4f20-4569-ad39-8722f7d472b3} aComponent={RecordingSettingsWrap} aText={Recording not started}, preserve=false aResultDetail=0
00:12:42.281252 DCon60   NetIfAdpCtlOut: VBoxNetAdpCtl: Error while retrieving link speed for wlan0: VBoxNetAdpCtl: ioctl failed: Operation not supported
00:12:42.314365 DCon70   ERROR [COM]: aRC=VBOX_E_OBJECT_NOT_FOUND (0x80bb0001) aIID={5bfd8965-b81b-469f-8649-f717ce97a5d5} aComponent={NvramStoreWrap} aText={The UEFI NVRAM file is not existing for this machine}, preserve=false aResultDetail=0
00:12:42.328892 DCon48   ERROR [COM]: aRC=NS_ERROR_FAILURE (0x80004005) aIID={83cfdc66-4f20-4569-ad39-8722f7d472b3} aComponent={RecordingSettingsWrap} aText={Recording not started}, preserve=false aResultDetail=0
00:12:42.426362 DCon48   ERROR [COM]: aRC=VBOX_E_OBJECT_NOT_FOUND (0x80bb0001) aIID={7d510820-a678-4730-a862-818dcd3fbed0} aComponent={MediumWrap} aText={Property 'CRYPT/KeyId' does not exist}, preserve=false aResultDetail=0
00:12:42.427633 DCon66   HostDnsMonitorProxy::GetDomainName: .
00:12:42.427751 DCon66   HostDnsMonitorProxy::GetNameServers:
00:12:42.427759 DCon66     name server 1: 127.0.0.53
00:12:42.427857 DCon66   HostDnsMonitorProxy::GetSearchStrings:
00:12:42.427860 DCon66     search string 1: .
00:12:42.433757 DCon60   ERROR [COM]: aRC=NS_ERROR_FAILURE (0x80004005) aIID={83cfdc66-4f20-4569-ad39-8722f7d472b3} aComponent={RecordingSettingsWrap} aText={Recording not started}, preserve=false aResultDetail=0
00:12:42.448810 DCon66   ERROR [COM]: aRC=VBOX_E_OBJECT_NOT_FOUND (0x80bb0001) aIID={5bfd8965-b81b-469f-8649-f717ce97a5d5} aComponent={NvramStoreWrap} aText={The UEFI NVRAM file is not existing for this machine}, preserve=false aResultDetail=0
00:12:42.646575 DCon60   Saving settings file "/home/chief/VirtualBox VMs/Whonix-Workstation-LXQt/Whonix-Workstation-LXQt.vbox" with version "1.19-linux"
00:12:42.662278 DCon60   Finished saving settings file "/home/chief/VirtualBox VMs/Whonix-Workstation-LXQt/Whonix-Workstation-LXQt.vbox"
00:12:42.667305 DCon67   ERROR [COM]: aRC=VBOX_E_OBJECT_NOT_FOUND (0x80bb0001) aIID={5bfd8965-b81b-469f-8649-f717ce97a5d5} aComponent={NvramStoreWrap} aText={The UEFI NVRAM file is not existing for this machine}, preserve=false aResultDetail=0
00:12:58.520466 DCon66   Saving settings file "/home/chief/.config/VirtualBox/VirtualBox.xml" with version "1.12-linux"
00:12:58.522684 DCon66   Finished saving settings file "/home/chief/.config/VirtualBox/VirtualBox.xml"
00:14:07.010115 DCon56   ERROR [COM]: aRC=NS_ERROR_FAILURE (0x80004005) aIID={83cfdc66-4f20-4569-ad39-8722f7d472b3} aComponent={RecordingSettingsWrap} aText={Recording not started}, preserve=false aResultDetail=0
00:14:07.015464 DCon56   ERROR [COM]: aRC=VBOX_E_OBJECT_NOT_FOUND (0x80bb0001) aIID={5bfd8965-b81b-469f-8649-f717ce97a5d5} aComponent={NvramStoreWrap} aText={The UEFI NVRAM file is not existing for this machine}, preserve=false aResultDetail=0
00:14:12.319201 DCon69   Saving settings file "/home/chief/VirtualBox VMs/Whonix-Workstation-LXQt/Whonix-Workstation-LXQt.vbox" with version "1.19-linux"
00:14:12.331332 DCon69   Finished saving settings file "/home/chief/VirtualBox VMs/Whonix-Workstation-LXQt/Whonix-Workstation-LXQt.vbox"
00:14:12.344821 DCon67   ERROR [COM]: aRC=NS_ERROR_FAILURE (0x80004005) aIID={83cfdc66-4f20-4569-ad39-8722f7d472b3} aComponent={RecordingSettingsWrap} aText={Recording not started}, preserve=false aResultDetail=0
00:14:12.346119 DCon67   ERROR [COM]: aRC=VBOX_E_INVALID_VM_STATE (0x80bb0002) aIID={e36a5081-a82a-40bd-9e4e-42a44d6ce50f} aComponent={SessionMachine} aText={The machine is not mutable or saved (state is Stopping)}, preserve=false aResultDetail=0
00:14:12.351183 DCon67   ERROR [COM]: aRC=VBOX_E_OBJECT_NOT_FOUND (0x80bb0001) aIID={5bfd8965-b81b-469f-8649-f717ce97a5d5} aComponent={NvramStoreWrap} aText={The UEFI NVRAM file is not existing for this machine}, preserve=false aResultDetail=0
00:14:12.369497 DCon67   Saving settings file "/home/chief/VirtualBox VMs/Whonix-Workstation-LXQt/Whonix-Workstation-LXQt.vbox" with version "1.19-linux"
00:14:12.371759 DCon67   Finished saving settings file "/home/chief/VirtualBox VMs/Whonix-Workstation-LXQt/Whonix-Workstation-LXQt.vbox"
00:14:12.376579 DCon74   ERROR [COM]: aRC=NS_ERROR_FAILURE (0x80004005) aIID={83cfdc66-4f20-4569-ad39-8722f7d472b3} aComponent={RecordingSettingsWrap} aText={Recording not started}, preserve=false aResultDetail=0
00:14:12.382054 DCon73   ERROR [COM]: aRC=VBOX_E_OBJECT_NOT_FOUND (0x80bb0001) aIID={5bfd8965-b81b-469f-8649-f717ce97a5d5} aComponent={NvramStoreWrap} aText={The UEFI NVRAM file is not existing for this machine}, preserve=false aResultDetail=0
00:14:12.449674 DCon74   ERROR [COM]: aRC=NS_ERROR_INVALID_ARG (0x80070057) aIID={e36a5081-a82a-40bd-9e4e-42a44d6ce50f} aComponent={SessionMachine} aText={Properties with TRANSIENT or TRANSRESET flag cannot be set or modified if VM is not running}, preserve=false aResultDetail=0
00:14:12.757220 DCon74   Saving settings file "/home/chief/.config/VirtualBox/VirtualBox.xml" with version "1.12-linux"
00:14:12.768493 DCon74   Finished saving settings file "/home/chief/.config/VirtualBox/VirtualBox.xml"
00:14:13.391215 DCon66   ERROR [COM]: aRC=VBOX_E_OBJECT_NOT_FOUND (0x80bb0001) aIID={5bfd8965-b81b-469f-8649-f717ce97a5d5} aComponent={NvramStoreWrap} aText={The UEFI NVRAM file is not existing for this machine}, preserve=false aResultDetail=0
00:20:12.476177 MainPower Host suspending: Paused 0 VMs
00:20:14.387638 MainPower Host resumed: Resumed 0 VMs
00:26:14.403433 MainPower Host suspending: Paused 0 VMs
00:26:15.294510 MainPower Host resumed: Resumed 0 VMs
00:35:31.973576 DCon113  Launched VM: 71518096 pid: 80082 (0x138d2) frontend: GUI/Qt name: Whonix-Workstation-LXQt
00:35:31.993689 DCon121  ERROR [COM]: aRC=VBOX_E_OBJECT_NOT_FOUND (0x80bb0001) aIID={5bfd8965-b81b-469f-8649-f717ce97a5d5} aComponent={NvramStoreWrap} aText={The UEFI NVRAM file is not existing for this machine}, preserve=false aResultDetail=0
00:35:32.100977 DCon123  Platform architecture set to 'x86'
00:35:32.109156 DCon124  ERROR [COM]: aRC=VBOX_E_OBJECT_NOT_FOUND (0x80bb0001) aIID={5bfd8965-b81b-469f-8649-f717ce97a5d5} aComponent={NvramStoreWrap} aText={The UEFI NVRAM file is not existing for this machine}, preserve=false aResultDetail=0
00:35:32.343811 DCon123  Saving settings file "/home/chief/.config/VirtualBox/VirtualBox.xml" with version "1.12-linux"
00:35:32.354182 DCon123  Finished saving settings file "/home/chief/.config/VirtualBox/VirtualBox.xml"
00:35:32.418833 DCon123  ERROR [COM]: aRC=NS_ERROR_FAILURE (0x80004005) aIID={83cfdc66-4f20-4569-ad39-8722f7d472b3} aComponent={RecordingSettingsWrap} aText={Recording not started}, preserve=false aResultDetail=0
00:35:32.442437 DCon124  NetIfAdpCtlOut: VBoxNetAdpCtl: Error while retrieving link speed for wlan0: VBoxNetAdpCtl: ioctl failed: Operation not supported
00:35:32.470165 DCon124  ERROR [COM]: aRC=VBOX_E_OBJECT_NOT_FOUND (0x80bb0001) aIID={5bfd8965-b81b-469f-8649-f717ce97a5d5} aComponent={NvramStoreWrap} aText={The UEFI NVRAM file is not existing for this machine}, preserve=false aResultDetail=0
00:35:32.482882 DCon113  ERROR [COM]: aRC=NS_ERROR_FAILURE (0x80004005) aIID={83cfdc66-4f20-4569-ad39-8722f7d472b3} aComponent={RecordingSettingsWrap} aText={Recording not started}, preserve=false aResultDetail=0
00:35:32.580931 DCon113  ERROR [COM]: aRC=VBOX_E_OBJECT_NOT_FOUND (0x80bb0001) aIID={7d510820-a678-4730-a862-818dcd3fbed0} aComponent={MediumWrap} aText={Property 'CRYPT/KeyId' does not exist}, preserve=false aResultDetail=0
00:35:32.581778 DCon113  HostDnsMonitorProxy::GetDomainName: .
00:35:32.581828 DCon113  HostDnsMonitorProxy::GetNameServers:
00:35:32.581832 DCon113    name server 1: 127.0.0.53
00:35:32.581881 DCon113  HostDnsMonitorProxy::GetSearchStrings:
00:35:32.581884 DCon113    search string 1: .
00:35:32.588203 DCon113  ERROR [COM]: aRC=NS_ERROR_FAILURE (0x80004005) aIID={83cfdc66-4f20-4569-ad39-8722f7d472b3} aComponent={RecordingSettingsWrap} aText={Recording not started}, preserve=false aResultDetail=0
00:35:32.603453 DCon124  ERROR [COM]: aRC=VBOX_E_OBJECT_NOT_FOUND (0x80bb0001) aIID={5bfd8965-b81b-469f-8649-f717ce97a5d5} aComponent={NvramStoreWrap} aText={The UEFI NVRAM file is not existing for this machine}, preserve=false aResultDetail=0
00:35:34.139804 DCon125  ERROR [COM]: aRC=NS_ERROR_FAILURE (0x80004005) aIID={83cfdc66-4f20-4569-ad39-8722f7d472b3} aComponent={RecordingSettingsWrap} aText={Recording not started}, preserve=false aResultDetail=0
00:35:34.146776 DCon113  ERROR [COM]: aRC=VBOX_E_OBJECT_NOT_FOUND (0x80bb0001) aIID={5bfd8965-b81b-469f-8649-f717ce97a5d5} aComponent={NvramStoreWrap} aText={The UEFI NVRAM file is not existing for this machine}, preserve=false aResultDetail=0
00:35:39.971436 DCon121  ERROR [COM]: aRC=NS_ERROR_FAILURE (0x80004005) aIID={83cfdc66-4f20-4569-ad39-8722f7d472b3} aComponent={RecordingSettingsWrap} aText={Recording not started}, preserve=false aResultDetail=0
00:35:39.972606 DCon121  ERROR [COM]: aRC=VBOX_E_INVALID_VM_STATE (0x80bb0002) aIID={e36a5081-a82a-40bd-9e4e-42a44d6ce50f} aComponent={SessionMachine} aText={The machine is not mutable or saved (state is Stopping)}, preserve=false aResultDetail=0
00:35:39.981088 DCon121  ERROR [COM]: aRC=VBOX_E_OBJECT_NOT_FOUND (0x80bb0001) aIID={5bfd8965-b81b-469f-8649-f717ce97a5d5} aComponent={NvramStoreWrap} aText={The UEFI NVRAM file is not existing for this machine}, preserve=false aResultDetail=0
00:35:40.008721 DCon121  Saving settings file "/home/chief/VirtualBox VMs/Whonix-Workstation-LXQt/Whonix-Workstation-LXQt.vbox" with version "1.19-linux"
00:35:40.019854 DCon121  Finished saving settings file "/home/chief/VirtualBox VMs/Whonix-Workstation-LXQt/Whonix-Workstation-LXQt.vbox"
00:35:40.027514 DCon113  ERROR [COM]: aRC=NS_ERROR_FAILURE (0x80004005) aIID={83cfdc66-4f20-4569-ad39-8722f7d472b3} aComponent={RecordingSettingsWrap} aText={Recording not started}, preserve=false aResultDetail=0
00:35:40.033197 DCon122  ERROR [COM]: aRC=NS_ERROR_INVALID_ARG (0x80070057) aIID={e36a5081-a82a-40bd-9e4e-42a44d6ce50f} aComponent={SessionMachine} aText={Properties with TRANSIENT or TRANSRESET flag cannot be set or modified if VM is not running}, preserve=false aResultDetail=0
00:35:40.033873 DCon122  ERROR [COM]: aRC=VBOX_E_OBJECT_NOT_FOUND (0x80bb0001) aIID={5bfd8965-b81b-469f-8649-f717ce97a5d5} aComponent={NvramStoreWrap} aText={The UEFI NVRAM file is not existing for this machine}, preserve=false aResultDetail=0
00:35:40.346697 DCon122  Saving settings file "/home/chief/.config/VirtualBox/VirtualBox.xml" with version "1.12-linux"
00:35:40.357084 DCon122  Finished saving settings file "/home/chief/.config/VirtualBox/VirtualBox.xml"
00:35:41.033088 DCon123  ERROR [COM]: aRC=VBOX_E_OBJECT_NOT_FOUND (0x80bb0001) aIID={5bfd8965-b81b-469f-8649-f717ce97a5d5} aComponent={NvramStoreWrap} aText={The UEFI NVRAM file is not existing for this machine}, preserve=false aResultDetail=0
00:41:27.551690 USBPROXY USBProxyBackendLinux: Device 13fe:6300 (sysfs:/sys/devices/pci0000:00/0000:00:08.1/0000:04:00.3/usb2/2-2//device:/dev/vboxusb/002/002) isn't accessible. giving udev a few seconds to fix this...
00:41:50.563068 DCon123  Saving settings file "/home/chief/.config/VirtualBox/VirtualBox.xml" with version "1.12-linux"
00:41:50.574417 DCon123  Finished saving settings file "/home/chief/.config/VirtualBox/VirtualBox.xml"
00:41:56.086785 main     VirtualBox: object deletion starts
00:41:56.086833 main     ERROR [COM]: aRC=VBOX_E_OBJECT_IN_USE (0x80bb000c) aIID={7d510820-a678-4730-a862-818dcd3fbed0} aComponent={MediumWrap} aText={Medium '/home/chief/VirtualBox VMs/Whonix-Gateway-LXQt/Whonix-Gateway-LXQt-disk001.vdi' cannot be closed because it is still attached to 1 virtual machines}, preserve=false aResultDetail=0
00:41:56.086993 main     ERROR [COM]: aRC=VBOX_E_OBJECT_IN_USE (0x80bb000c) aIID={7d510820-a678-4730-a862-818dcd3fbed0} aComponent={MediumWrap} aText={Medium '/home/chief/VirtualBox VMs/Whonix-Workstation-LXQt/Whonix-Workstation-LXQt-disk002.vdi' cannot be closed because it is still attached to 1 virtual machines}, preserve=false aResultDetail=0
00:41:56.087323 main     HostDnsMonitor: shutting down ...
00:41:56.091455 main     HostDnsMonitor: shut down
00:41:56.101602 Watcher  ERROR [COM]: aRC=E_ACCESSDENIED (0x80070005) aIID={2ce10519-3c09-45d8-a12d-e887786146b7} aComponent={VirtualBoxWrap} aText={The object is not ready}, preserve=false aResultDetail=0
00:41:56.105201 main     VirtualBox: object deleted
